# JRE version: OpenJDK Runtime Environment Temurin-17.0.4.1+1 (17.0.4.1+1) (build 17.0.4.1+1)
# Java VM: OpenJDK 64-Bit Server VM Temurin-17.0.4.1+1 (17.0.4.1+1, mixed mode, emulated-client, tiered, compressed oops, compressed class ptrs, g1 gc, windows-amd64)
GC Precious Log:
 CPUs: 8 total, 8 available
 Memory: 16110M
 Large Page Support: Disabled
 NUMA Support: Disabled
 Compressed Oops: Enabled (Zero based)
 Heap Region Size: 2M
 Heap Min Capacity: 8M
 Heap Initial Capacity: 252M
 Heap Max Capacity: 4028M
 Pre-touch: Disabled
 Parallel Workers: 8
 Concurrent Workers: 2
 Concurrent Refinement Workers: 8
 Periodic GC: Disabled
Heap:
 garbage-first heap   total 172032K, used 64620K [0x0000000704400000, 0x0000000800000000)
  region size 2048K, 18 young (36864K), 5 survivors (10240K)
 Metaspace       used 78721K, committed 79232K, reserved 1122304K
  class space    used 10570K, committed 10816K, reserved 1048576K
GC Heap History (20 events):
Event: 2.776 GC heap before
{Heap before GC invocations=12 (full 0):
 garbage-first heap   total 86016K, used 65310K [0x0000000704400000, 0x0000000800000000)
  region size 2048K, 24 young (49152K), 1 survivors (2048K)
 Metaspace       used 43424K, committed 43840K, reserved 1089536K
  class space    used 5416K, committed 5632K, reserved 1048576K
}
Event: 2.780 GC heap after
{Heap after GC invocations=13 (full 0):
 garbage-first heap   total 86016K, used 19927K [0x0000000704400000, 0x0000000800000000)
  region size 2048K, 2 young (4096K), 2 survivors (4096K)
 Metaspace       used 43424K, committed 43840K, reserved 1089536K
  class space    used 5416K, committed 5632K, reserved 1048576K
}
Event: 3.054 GC heap before
{Heap before GC invocations=13 (full 0):
 garbage-first heap   total 86016K, used 64983K [0x0000000704400000, 0x0000000800000000)
  region size 2048K, 24 young (49152K), 2 survivors (4096K)
 Metaspace       used 47516K, committed 47872K, reserved 1097728K
  class space    used 5860K, committed 6016K, reserved 1048576K
}
Event: 3.059 GC heap after
{Heap after GC invocations=14 (full 0):
 garbage-first heap   total 86016K, used 21984K [0x0000000704400000, 0x0000000800000000)
  region size 2048K, 3 young (6144K), 3 survivors (6144K)
 Metaspace       used 47516K, committed 47872K, reserved 1097728K
  class space    used 5860K, committed 6016K, reserved 1048576K
}
Event: 3.349 GC heap before
{Heap before GC invocations=14 (full 0):
 garbage-first heap   total 86016K, used 64992K [0x0000000704400000, 0x0000000800000000)
  region size 2048K, 24 young (49152K), 3 survivors (6144K)
 Metaspace       used 51156K, committed 51456K, reserved 1097728K
  class space    used 6326K, committed 6464K, reserved 1048576K
}
Event: 3.352 GC heap after
{Heap after GC invocations=15 (full 0):
 garbage-first heap   total 86016K, used 23180K [0x0000000704400000, 0x0000000800000000)
  region size 2048K, 2 young (4096K), 2 survivors (4096K)
 Metaspace       used 51156K, committed 51456K, reserved 1097728K
  class space    used 6326K, committed 6464K, reserved 1048576K
}
Event: 3.617 GC heap before
{Heap before GC invocations=15 (full 0):
 garbage-first heap   total 86016K, used 66188K [0x0000000704400000, 0x0000000800000000)
  region size 2048K, 23 young (47104K), 2 survivors (4096K)
 Metaspace       used 55307K, committed 55680K, reserved 1105920K
  class space    used 7073K, committed 7296K, reserved 1048576K
}
Event: 3.619 GC heap after
{Heap after GC invocations=16 (full 0):
 garbage-first heap   total 86016K, used 24314K [0x0000000704400000, 0x0000000800000000)
  region size 2048K, 2 young (4096K), 2 survivors (4096K)
 Metaspace       used 55307K, committed 55680K, reserved 1105920K
  class space    used 7073K, committed 7296K, reserved 1048576K
}
Event: 3.866 GC heap before
{Heap before GC invocations=16 (full 0):
 garbage-first heap   total 86016K, used 67322K [0x0000000704400000, 0x0000000800000000)
  region size 2048K, 23 young (47104K), 2 survivors (4096K)
 Metaspace       used 59664K, committed 60032K, reserved 1105920K
  class space    used 7640K, committed 7808K, reserved 1048576K
}
Event: 3.868 GC heap after
{Heap after GC invocations=17 (full 0):
 garbage-first heap   total 86016K, used 24935K [0x0000000704400000, 0x0000000800000000)
  region size 2048K, 2 young (4096K), 2 survivors (4096K)
 Metaspace       used 59664K, committed 60032K, reserved 1105920K
  class space    used 7640K, committed 7808K, reserved 1048576K
}
Event: 3.897 GC heap before
{Heap before GC invocations=17 (full 0):
 garbage-first heap   total 86016K, used 29031K [0x0000000704400000, 0x0000000800000000)
  region size 2048K, 5 young (10240K), 2 survivors (4096K)
 Metaspace       used 60057K, committed 60416K, reserved 1105920K
  class space    used 7725K, committed 7936K, reserved 1048576K
}
Event: 3.900 GC heap after
{Heap after GC invocations=18 (full 0):
 garbage-first heap   total 86016K, used 24873K [0x0000000704400000, 0x0000000800000000)
  region size 2048K, 2 young (4096K), 2 survivors (4096K)
 Metaspace       used 60057K, committed 60416K, reserved 1105920K
  class space    used 7725K, committed 7936K, reserved 1048576K
}
Event: 4.178 GC heap before
{Heap before GC invocations=19 (full 0):
 garbage-first heap   total 86016K, used 67881K [0x0000000704400000, 0x0000000800000000)
  region size 2048K, 23 young (47104K), 2 survivors (4096K)
 Metaspace       used 63723K, committed 64128K, reserved 1105920K
  class space    used 8365K, committed 8576K, reserved 1048576K
}
Event: 4.181 GC heap after
{Heap after GC invocations=20 (full 0):
 garbage-first heap   total 172032K, used 25891K [0x0000000704400000, 0x0000000800000000)
  region size 2048K, 2 young (4096K), 2 survivors (4096K)
 Metaspace       used 63723K, committed 64128K, reserved 1105920K
  class space    used 8365K, committed 8576K, reserved 1048576K
}
Event: 4.850 GC heap before
{Heap before GC invocations=20 (full 0):
 garbage-first heap   total 172032K, used 124195K [0x0000000704400000, 0x0000000800000000)
  region size 2048K, 50 young (102400K), 2 survivors (4096K)
 Metaspace       used 69120K, committed 69568K, reserved 1114112K
  class space    used 9084K, committed 9280K, reserved 1048576K
}
Event: 4.856 GC heap after
{Heap after GC invocations=21 (full 0):
 garbage-first heap   total 172032K, used 31308K [0x0000000704400000, 0x0000000800000000)
  region size 2048K, 5 young (10240K), 5 survivors (10240K)
 Metaspace       used 69120K, committed 69568K, reserved 1114112K
  class space    used 9084K, committed 9280K, reserved 1048576K
}
Event: 5.489 GC heap before
{Heap before GC invocations=21 (full 0):
 garbage-first heap   total 172032K, used 123468K [0x0000000704400000, 0x0000000800000000)
  region size 2048K, 50 young (102400K), 5 survivors (10240K)
 Metaspace       used 72492K, committed 73024K, reserved 1114112K
  class space    used 9596K, committed 9856K, reserved 1048576K
}
Event: 5.497 GC heap after
{Heap after GC invocations=22 (full 0):
 garbage-first heap   total 172032K, used 38135K [0x0000000704400000, 0x0000000800000000)
  region size 2048K, 7 young (14336K), 7 survivors (14336K)
 Metaspace       used 72492K, committed 73024K, reserved 1114112K
  class space    used 9596K, committed 9856K, reserved 1048576K
}
Event: 9.557 GC heap before
{Heap before GC invocations=22 (full 0):
 garbage-first heap   total 172032K, used 126199K [0x0000000704400000, 0x0000000800000000)
  region size 2048K, 50 young (102400K), 7 survivors (14336K)
 Metaspace       used 76406K, committed 76928K, reserved 1122304K
  class space    used 10274K, committed 10496K, reserved 1048576K
}
Event: 9.565 GC heap after
{Heap after GC invocations=23 (full 0):
 garbage-first heap   total 172032K, used 40044K [0x0000000704400000, 0x0000000800000000)
  region size 2048K, 5 young (10240K), 5 survivors (10240K)
 Metaspace       used 76406K, committed 76928K, reserved 1122304K
  class space    used 10274K, committed 10496K, reserved 1048576K
}

